(!) Found dead link /docx/插件详细手册/1.系统/关于输入设备核心 in file docx\插件详细手册\0.问题解答集合（FAQ）\基本问题索引.md
(!) Found dead link /docx/插件详细手册/0.基本定义/数据更新与旧存档 in file docx\插件详细手册\0.问题解答集合（FAQ）\插件出错时解决方案.md
(!) Found dead link /docx/插件详细手册/1.系统/关于输入设备核心 in file docx\插件详细手册\10.互动\关于举起花盆能力.md        
(!) Found dead link /docx/插件详细手册/1.系统/关于输入设备核心 in file docx\插件详细手册\10.互动\关于允许操作移动.md        
(!) Found dead link /docx/插件详细手册/1.系统/关于输入设备核心 in file docx\插件详细手册\10.互动\关于原地转向能力.md        
(!) Found dead link /docx/插件详细手册/1.系统/关于输入设备核心 in file docx\插件详细手册\10.互动\关于跳跃能力.md
(!) Found dead link /docx/插件详细手册/13.UI/关于漂浮文字 in file docx\插件详细手册\13.UI\关于临时对象与模板.md
(!) Found dead link /docx/插件详细手册/13.UI/关于漂浮文字 in file docx\插件详细手册\13.UI\关于临时对象与模板.md (x2)
(!) Found dead link /docx/插件详细手册/1.系統/关于参数数字 in file docx\插件详细手册\13.UI\关于高级变量固定框.md
(!) Found dead link /docx/插件详细手册/17.主菜单/关于菜单关键字 in file docx\插件详细手册\17.主菜单\多层组合装饰（界面装饰- 
菜单界面）.md
(!) Found dead link /docx/插件详细手册/18.面板/关于全自定义主菜单界面 in file docx\插件详细手册\17.主菜
单\窗口与布局.md
(!) Found dead link /docx/插件详细手册/1.系统/关于输入设备核心 in file docx\插件详细手册\23.窗口字符\关于对话文字速度.md    
(!) Found dead link /docx/插件详细手册/1.系统/关于输入设备核心 in file docx\插件详细手册\23.窗口字符\关于窗口字符.md        
(!) Found dead link /docx/插件详细手册/1.系统/关于输入设备核心 in file docx\插件详细手册\29.炸弹人\关于炸弹人游戏.md        
(!) Found dead link /docx/插件详细手册/8.行走图/大家族-开关 in file docx\插件详细手册\7.行走图\关于行走图与鼠标控制核心.md
(!) Found dead link /docx/插件详细手册/7.行走图/地图设计-横版2D模仿 in file docx\插件详细手册\7.行走图\关于行走图优化
核心.md
(!) Found dead link /docx/插件详细手册/8.物体/开关-大家族 in file docx\插件详细手册\8.物体\触发的本质.md
(!) Found dead link /docx/插件详细手册/1.系统/关于输入设备核心 in file docx\萌新索引（必看）.md